20231215-15:56:27.000000000 : Created session
20231215-15:56:27.000000000 : Connecting to fix.stage.unityfinance.net on port 20000 (Source :0)
20231215-15:56:27.000000000 : Initiated logon request
20231215-15:56:27.000000000 : Socket Error: Connection reset by peer.
20231215-15:56:27.000000000 : Disconnecting
20231215-15:56:29.000000000 : Connecting to fix.stage.unityfinance.net on port 20000 (Source :0)
20231215-15:56:29.000000000 : Initiated logon request
20231215-15:56:29.000000000 : Socket Error: Connection reset by peer.
20231215-15:56:29.000000000 : Disconnecting
20231215-15:56:31.000000000 : Connecting to fix.stage.unityfinance.net on port 20000 (Source :0)
20231215-15:56:31.000000000 : Initiated logon request
20231215-15:56:31.000000000 : Socket Error: Connection reset by peer.
20231215-15:56:31.000000000 : Disconnecting
20231215-15:56:33.000000000 : Connecting to fix.stage.unityfinance.net on port 20000 (Source :0)
20231215-15:56:33.000000000 : Initiated logon request
20231215-15:56:33.000000000 : Socket Error: Connection reset by peer.
20231215-15:56:33.000000000 : Disconnecting
20231215-15:56:35.000000000 : Connecting to fix.stage.unityfinance.net on port 20000 (Source :0)
20231215-15:56:35.000000000 : Initiated logon request
20231215-15:56:35.000000000 : Socket Error: Connection reset by peer.
20231215-15:56:35.000000000 : Disconnecting
20231215-15:56:37.000000000 : Connecting to fix.stage.unityfinance.net on port 20000 (Source :0)
20231215-15:56:37.000000000 : Initiated logon request
20231215-15:56:37.000000000 : Socket Error: Connection reset by peer.
20231215-15:56:37.000000000 : Disconnecting
20231215-15:56:39.000000000 : Connecting to fix.stage.unityfinance.net on port 20000 (Source :0)
20231215-15:56:39.000000000 : Initiated logon request
20231215-15:56:39.000000000 : Socket Error: Connection reset by peer.
20231215-15:56:39.000000000 : Disconnecting
20231215-15:56:41.000000000 : Connecting to fix.stage.unityfinance.net on port 20000 (Source :0)
20231215-15:56:41.000000000 : Initiated logon request
20231215-15:56:41.000000000 : Socket Error: Connection reset by peer.
20231215-15:56:41.000000000 : Disconnecting
20231215-15:56:43.000000000 : Connecting to fix.stage.unityfinance.net on port 20000 (Source :0)
20231215-15:56:43.000000000 : Initiated logon request
20231215-15:56:43.000000000 : Socket Error: Connection reset by peer.
20231215-15:56:43.000000000 : Disconnecting
20231215-15:56:45.000000000 : Connecting to fix.stage.unityfinance.net on port 20000 (Source :0)
20231215-16:17:19.000000000 : Created session
20231215-16:17:19.000000000 : Connecting to fix.stage.unityfinance.net on port 20000 (Source :0)
20231215-16:17:20.000000000 : Initiated logon request
20231215-16:17:20.000000000 : Socket Error: Connection reset by peer.
20231215-16:17:20.000000000 : Disconnecting
20231215-16:17:22.000000000 : Connecting to fix.stage.unityfinance.net on port 20000 (Source :0)
20231215-16:17:23.000000000 : Initiated logon request
20231215-16:17:23.000000000 : Socket Error: Connection reset by peer.
20231215-16:17:23.000000000 : Disconnecting
20231215-16:17:24.000000000 : Connecting to fix.stage.unityfinance.net on port 20000 (Source :0)
20231215-16:17:24.000000000 : Initiated logon request
20231215-16:17:24.000000000 : Socket Error: Connection reset by peer.
20231215-16:17:24.000000000 : Disconnecting
20231215-16:17:26.000000000 : Connecting to fix.stage.unityfinance.net on port 20000 (Source :0)
20231215-16:17:26.000000000 : Initiated logon request
20231215-16:17:26.000000000 : Socket Error: Connection reset by peer.
20231215-16:17:26.000000000 : Disconnecting
20231215-16:19:02.000000000 : Created session
20231215-16:19:02.000000000 : Connecting to fix.stage.unityfinance.net on port 20000 (Source :0)
20231215-16:19:02.000000000 : Initiated logon request
20231215-16:19:02.000000000 : Socket Error: Connection reset by peer.
20231215-16:19:02.000000000 : Disconnecting
20231215-16:19:04.000000000 : Connecting to fix.stage.unityfinance.net on port 20000 (Source :0)
20231215-16:19:04.000000000 : Initiated logon request
20231215-16:19:04.000000000 : Socket Error: Connection reset by peer.
20231215-16:19:04.000000000 : Disconnecting
20231215-16:19:06.000000000 : Connecting to fix.stage.unityfinance.net on port 20000 (Source :0)
20231215-16:19:06.000000000 : Initiated logon request
20231215-16:19:06.000000000 : Socket Error: Connection reset by peer.
20231215-16:19:06.000000000 : Disconnecting
20231215-16:19:08.000000000 : Connecting to fix.stage.unityfinance.net on port 20000 (Source :0)
20231218-08:05:18.000000000 : Created session
20231218-08:05:18.000000000 : Connecting to fix.stage.unityfinance.net on port 20000 (Source :0)
20231218-08:05:19.000000000 : Initiated logon request
20231218-08:05:19.000000000 : Socket Error: Connection reset by peer.
20231218-08:05:19.000000000 : Disconnecting
20231218-08:05:21.000000000 : Connecting to fix.stage.unityfinance.net on port 20000 (Source :0)
20231218-08:05:21.000000000 : Initiated logon request
20231218-08:05:21.000000000 : Socket Error: Connection reset by peer.
20231218-08:05:21.000000000 : Disconnecting
20231218-08:05:23.000000000 : Connecting to fix.stage.unityfinance.net on port 20000 (Source :0)
20231218-08:05:23.000000000 : Initiated logon request
20231218-08:05:23.000000000 : Socket Error: Connection reset by peer.
20231218-08:05:23.000000000 : Disconnecting
20231218-09:19:23.000000000 : Created session
20231218-09:19:23.000000000 : Connecting to fix.stage.unityfinance.net on port 20000 (Source :0)
20231218-09:24:30.000000000 : Created session
20231218-09:24:30.000000000 : Connecting to fix.stage.unityfinance.net on port 20000 (Source :0)
20231218-09:25:32.000000000 : Created session
20231218-09:25:32.000000000 : Connecting to fix.stage.unityfinance.net on port 20000 (Source :0)
20231218-09:25:32.000000000 : Initiated logon request
20231218-09:25:32.000000000 : Socket Error: Connection reset by peer.
20231218-09:25:32.000000000 : Disconnecting
20231218-09:25:34.000000000 : Connecting to fix.stage.unityfinance.net on port 20000 (Source :0)
20231218-09:25:34.000000000 : Initiated logon request
20231218-09:25:34.000000000 : Socket Error: Connection reset by peer.
20231218-09:25:34.000000000 : Disconnecting
20231218-09:25:36.000000000 : Connecting to fix.stage.unityfinance.net on port 20000 (Source :0)
20231218-09:25:36.000000000 : Initiated logon request
20231218-09:25:36.000000000 : Socket Error: Connection reset by peer.
20231218-09:25:36.000000000 : Disconnecting
20231218-09:25:38.000000000 : Connecting to fix.stage.unityfinance.net on port 20000 (Source :0)
20231218-09:25:38.000000000 : Initiated logon request
20231218-09:25:38.000000000 : Socket Error: Connection reset by peer.
20231218-09:25:38.000000000 : Disconnecting
20231218-09:25:40.000000000 : Connecting to fix.stage.unityfinance.net on port 20000 (Source :0)
20231218-09:25:40.000000000 : Initiated logon request
20231218-09:25:40.000000000 : Socket Error: Connection reset by peer.
20231218-09:25:40.000000000 : Disconnecting
20231218-09:25:42.000000000 : Connecting to fix.stage.unityfinance.net on port 20000 (Source :0)
20231218-09:25:42.000000000 : Initiated logon request
20231218-09:25:42.000000000 : Socket Error: Connection reset by peer.
20231218-09:25:42.000000000 : Disconnecting
